0 info it worked if it ends with ok
1 verbose cli [ '/home/dgacitua/.meteor/packages/meteor-tool/.1.4.2_3.3naryq++os.linux.x86_64+web.browser+web.cordova/mt-os.linux.x86_64/dev_bundle/bin/node',
1 verbose cli   '/home/dgacitua/.meteor/packages/meteor-tool/.1.4.2_3.3naryq++os.linux.x86_64+web.browser+web.cordova/mt-os.linux.x86_64/dev_bundle/bin/npm',
1 verbose cli   'run',
1 verbose cli   'apptest' ]
2 info using npm@3.10.9
3 info using node@v4.6.2
4 verbose run-script [ 'preapptest', 'apptest', 'postapptest' ]
5 info lifecycle neurone@0.0.1~preapptest: neurone@0.0.1
6 silly lifecycle neurone@0.0.1~preapptest: no script for preapptest, continuing
7 info lifecycle neurone@0.0.1~apptest: neurone@0.0.1
8 verbose lifecycle neurone@0.0.1~apptest: unsafe-perm in lifecycle true
9 verbose lifecycle neurone@0.0.1~apptest: PATH: /home/dgacitua/.meteor/packages/meteor-tool/.1.4.2_3.3naryq++os.linux.x86_64+web.browser+web.cordova/mt-os.linux.x86_64/dev_bundle/lib/node_modules/npm/bin/node-gyp-bin:/home/dgacitua/ProyectoTitulo/neurone/node_modules/.bin:/home/dgacitua/.meteor/packages/meteor-tool/.1.4.2_3.3naryq++os.linux.x86_64+web.browser+web.cordova/mt-os.linux.x86_64/dev_bundle/bin:/home/dgacitua/.meteor/packages/meteor-tool/.1.4.2_3.3naryq++os.linux.x86_64+web.browser+web.cordova/mt-os.linux.x86_64/dev_bundle/lib/node_modules/.bin:/usr/local/bin:/usr/bin:/bin:/usr/local/games:/usr/games:/home/dgacitua/.rvm/bin
10 verbose lifecycle neurone@0.0.1~apptest: CWD: /home/dgacitua/ProyectoTitulo/neurone
11 silly lifecycle neurone@0.0.1~apptest: Args: [ '-c',
11 silly lifecycle   'meteor test --full-app --once --driver-package dispatch:mocha-phantomjs' ]
12 silly lifecycle neurone@0.0.1~apptest: Returned: code: 1  signal: null
13 info lifecycle neurone@0.0.1~apptest: Failed to exec apptest script
14 verbose stack Error: neurone@0.0.1 apptest: `meteor test --full-app --once --driver-package dispatch:mocha-phantomjs`
14 verbose stack Exit status 1
14 verbose stack     at EventEmitter.<anonymous> (/home/dgacitua/.meteor/packages/meteor-tool/.1.4.2_3.3naryq++os.linux.x86_64+web.browser+web.cordova/mt-os.linux.x86_64/dev_bundle/lib/node_modules/npm/lib/utils/lifecycle.js:255:16)
14 verbose stack     at emitTwo (events.js:87:13)
14 verbose stack     at EventEmitter.emit (events.js:172:7)
14 verbose stack     at ChildProcess.<anonymous> (/home/dgacitua/.meteor/packages/meteor-tool/.1.4.2_3.3naryq++os.linux.x86_64+web.browser+web.cordova/mt-os.linux.x86_64/dev_bundle/lib/node_modules/npm/lib/utils/spawn.js:40:14)
14 verbose stack     at emitTwo (events.js:87:13)
14 verbose stack     at ChildProcess.emit (events.js:172:7)
14 verbose stack     at maybeClose (internal/child_process.js:854:16)
14 verbose stack     at Process.ChildProcess._handle.onexit (internal/child_process.js:222:5)
15 verbose pkgid neurone@0.0.1
16 verbose cwd /home/dgacitua/ProyectoTitulo/neurone
17 error Linux 3.16.0-4-amd64
18 error argv "/home/dgacitua/.meteor/packages/meteor-tool/.1.4.2_3.3naryq++os.linux.x86_64+web.browser+web.cordova/mt-os.linux.x86_64/dev_bundle/bin/node" "/home/dgacitua/.meteor/packages/meteor-tool/.1.4.2_3.3naryq++os.linux.x86_64+web.browser+web.cordova/mt-os.linux.x86_64/dev_bundle/bin/npm" "run" "apptest"
19 error node v4.6.2
20 error npm  v3.10.9
21 error code ELIFECYCLE
22 error neurone@0.0.1 apptest: `meteor test --full-app --once --driver-package dispatch:mocha-phantomjs`
22 error Exit status 1
23 error Failed at the neurone@0.0.1 apptest script 'meteor test --full-app --once --driver-package dispatch:mocha-phantomjs'.
23 error Make sure you have the latest version of node.js and npm installed.
23 error If you do, this is most likely a problem with the neurone package,
23 error not with npm itself.
23 error Tell the author that this fails on your system:
23 error     meteor test --full-app --once --driver-package dispatch:mocha-phantomjs
23 error You can get information on how to open an issue for this project with:
23 error     npm bugs neurone
23 error Or if that isn't available, you can get their info via:
23 error     npm owner ls neurone
23 error There is likely additional logging output above.
24 verbose exit [ 1, true ]
